<?xml version="1.0" encoding="UTF-8"?>
<!-- Generated by org.testng.reporters.JUnitReportReporter -->
<testsuite hostname="USER" failures="0" tests="5" name="testCases.TC003_LoginDDT" time="37.060" errors="0" timestamp="2024-05-18T18:37:22 IST" skipped="0">
  <testcase classname="testCases.TC003_LoginDDT" name="test_loginDataDrivenTesting" time="1.649"/>
  <testcase classname="testCases.TC003_LoginDDT" name="test_loginDataDrivenTesting" time="11.137"/>
  <testcase classname="testCases.TC003_LoginDDT" name="test_loginDataDrivenTesting" time="1.829"/>
  <testcase classname="testCases.TC003_LoginDDT" name="test_loginDataDrivenTesting" time="11.138"/>
  <testcase classname="testCases.TC003_LoginDDT" name="test_loginDataDrivenTesting" time="11.307"/>
</testsuite> <!-- testCases.TC003_LoginDDT -->
