<?xml version="1.0" encoding="UTF-8"?>
<!-- Generated by org.testng.reporters.JUnitReportReporter -->
<testsuite hostname="USER" failures="0" tests="1" name="testCases.TC002_LoginTestPositive" time="1.507" errors="0" timestamp="2024-05-18T18:58:12 IST" skipped="0">
  <testcase classname="testCases.TC002_LoginTestPositive" name="test_LoginFuntionality" time="1.507"/>
</testsuite> <!-- testCases.TC002_LoginTestPositive -->
