<?xml version="1.0" encoding="UTF-8"?>
<!-- Generated by org.testng.reporters.JUnitReportReporter -->
<testsuite hostname="USER" failures="0" tests="1" name="testCases.TC001_AccountRegistrationTest" time="1.977" errors="0" timestamp="2024-05-19T12:17:11 IST" skipped="0">
  <testcase classname="testCases.TC001_AccountRegistrationTest" name="test_AccountRegistration" time="1.977"/>
  <system-out/>
</testsuite> <!-- testCases.TC001_AccountRegistrationTest -->
