<?xml version="1.0" encoding="UTF-8"?>
<!-- Generated by org.testng.reporters.JUnitReportReporter -->
<testsuite hostname="USER" failures="0" tests="5" name="testCases.TC003_LoginDDT" time="36.488" errors="0" timestamp="2024-05-19T12:17:11 IST" skipped="0">
  <testcase classname="testCases.TC003_LoginDDT" name="test_loginDataDrivenTesting" time="11.139"/>
  <system-out/>
  <testcase classname="testCases.TC003_LoginDDT" name="test_loginDataDrivenTesting" time="1.532"/>
  <system-out/>
  <testcase classname="testCases.TC003_LoginDDT" name="test_loginDataDrivenTesting" time="1.551"/>
  <system-out/>
  <testcase classname="testCases.TC003_LoginDDT" name="test_loginDataDrivenTesting" time="11.115"/>
  <system-out/>
  <testcase classname="testCases.TC003_LoginDDT" name="test_loginDataDrivenTesting" time="11.151"/>
  <system-out/>
</testsuite> <!-- testCases.TC003_LoginDDT -->
